
Circuit 1 cell cell1 and Circuit 2 cell cell1 are black boxes.

Subcircuit pins:
Circuit 1: cell1                           |Circuit 2: cell1                           
-------------------------------------------|-------------------------------------------
A                                          |A                                          
B                                          |B                                          
C                                          |C                                          
---------------------------------------------------------------------------------------
Cell pin lists are equivalent.
Device classes cell1 and cell1 are equivalent.

Circuit 1 cell cell2 and Circuit 2 cell cell2 are black boxes.

Subcircuit pins:
Circuit 1: cell2                           |Circuit 2: cell2                           
-------------------------------------------|-------------------------------------------
A                                          |A                                          
B                                          |B                                          
C                                          |C                                          
---------------------------------------------------------------------------------------
Cell pin lists are equivalent.
Device classes cell2 and cell2 are equivalent.

Circuit 1 cell cell3 and Circuit 2 cell cell3 are black boxes.

Subcircuit pins:
Circuit 1: cell3                           |Circuit 2: cell3                           
-------------------------------------------|-------------------------------------------
A                                          |A                                          
B                                          |B                                          
C                                          |C                                          
---------------------------------------------------------------------------------------
Cell pin lists are equivalent.
Device classes cell3 and cell3 are equivalent.

Subcircuit summary:
Circuit 1: test                            |Circuit 2: test                            
-------------------------------------------|-------------------------------------------
cell1 (1)                                  |cell1 (1)                                  
cell2 (1)                                  |cell2 (1)                                  
cell3 (1)                                  |cell3 (1)                                  
Number of devices: 3                       |Number of devices: 3                       
Number of nets: 3                          |Number of nets: 3                          
---------------------------------------------------------------------------------------
Netlists match uniquely.

Subcircuit pins:
Circuit 1: test                            |Circuit 2: test                            
-------------------------------------------|-------------------------------------------
C                                          |C                                          
B                                          |B                                          
A                                          |A                                          
---------------------------------------------------------------------------------------
Cell pin lists are equivalent.
Device classes test and test are equivalent.

Final result: Circuits match uniquely.
.
