Netgen 1.5.234 compiled on Monday 10 October 2022 11:55:12 PM IST
Warning: netgen command 'format' use fully-qualified name '::netgen::format'
Warning: netgen command 'global' use fully-qualified name '::netgen::global'
Generating JSON file result
Reading netlist file ../mag/digital_pll.spice
Call to undefined subcircuit sky130_fd_pr__pfet_01v8_hvt
Creating placeholder cell definition.
Call to undefined subcircuit sky130_fd_pr__nfet_01v8
Creating placeholder cell definition.
Reading netlist file ../verilog/digital_pll.v
Warning:  A case-insensitive file has been read and so the	verilog file must be treated case-insensitive to match.
Creating placeholder cell definition for module sky130_fd_sc_hd__inv_2.
Creating placeholder cell definition for module sky130_fd_sc_hd__a2bb2o_2.
Creating placeholder cell definition for module sky130_fd_sc_hd__a22o_2.
Creating placeholder cell definition for module sky130_fd_sc_hd__nand2_2.
Creating placeholder cell definition for module sky130_fd_sc_hd__diode_2.
Creating placeholder cell definition for module sky130_fd_sc_hd__nor2_2.
Creating placeholder cell definition for module sky130_fd_sc_hd__or2_2.
Creating placeholder cell definition for module sky130_fd_sc_hd__a21o_2.
Creating placeholder cell definition for module sky130_fd_sc_hd__o2bb2a_2.
Creating placeholder cell definition for module sky130_fd_sc_hd__a21oi_2.
Creating placeholder cell definition for module sky130_fd_sc_hd__a22oi_2.
Creating placeholder cell definition for module sky130_fd_sc_hd__o211a_2.
Creating placeholder cell definition for module sky130_fd_sc_hd__o2bb2ai_2.
Creating placeholder cell definition for module sky130_fd_sc_hd__o221a_2.
Creating placeholder cell definition for module sky130_fd_sc_hd__a21bo_2.
Creating placeholder cell definition for module sky130_fd_sc_hd__o221ai_2.
Creating placeholder cell definition for module sky130_fd_sc_hd__or3_2.
Creating placeholder cell definition for module sky130_fd_sc_hd__o2111ai_2.
Creating placeholder cell definition for module sky130_fd_sc_hd__and4_2.
Creating placeholder cell definition for module sky130_fd_sc_hd__o31a_2.
Creating placeholder cell definition for module sky130_fd_sc_hd__o22a_2.
Creating placeholder cell definition for module sky130_fd_sc_hd__o32a_2.
Creating placeholder cell definition for module sky130_fd_sc_hd__a221o_2.
Creating placeholder cell definition for module sky130_fd_sc_hd__o21ai_2.
Creating placeholder cell definition for module sky130_fd_sc_hd__a32o_2.
Creating placeholder cell definition for module sky130_fd_sc_hd__mux2_1.
Creating placeholder cell definition for module sky130_fd_sc_hd__o22ai_2.
Creating placeholder cell definition for module sky130_fd_sc_hd__a31o_2.
Creating placeholder cell definition for module sky130_fd_sc_hd__a311o_2.
Creating placeholder cell definition for module sky130_fd_sc_hd__o21a_2.
Creating placeholder cell definition for module sky130_fd_sc_hd__o41a_2.
Creating placeholder cell definition for module sky130_fd_sc_hd__o311a_2.
Creating placeholder cell definition for module sky130_fd_sc_hd__or4_2.
Creating placeholder cell definition for module sky130_fd_sc_hd__and2_2.
Creating placeholder cell definition for module sky130_fd_sc_hd__and3_2.
Creating placeholder cell definition for module sky130_fd_sc_hd__buf_1.
Creating placeholder cell definition for module sky130_fd_sc_hd__buf_2.
Creating placeholder cell definition for module sky130_fd_sc_hd__dfrtp_2.
Creating placeholder cell definition for module sky130_fd_sc_hd__clkbuf_2.
Creating placeholder cell definition for module sky130_fd_sc_hd__clkbuf_1.
Creating placeholder cell definition for module sky130_fd_sc_hd__einvp_2.
Creating placeholder cell definition for module sky130_fd_sc_hd__einvn_8.
Creating placeholder cell definition for module sky130_fd_sc_hd__einvn_4.
Creating placeholder cell definition for module sky130_fd_sc_hd__clkinv_1.
Creating placeholder cell definition for module sky130_fd_sc_hd__clkinv_2.
Creating placeholder cell definition for module sky130_fd_sc_hd__clkinv_8.
Creating placeholder cell definition for module sky130_fd_sc_hd__conb_1.
Creating placeholder cell definition for module sky130_fd_sc_hd__einvp_1.
Creating placeholder cell definition for module sky130_fd_sc_hd__decap_3.
Creating placeholder cell definition for module sky130_fd_sc_hd__tapvpwrvgnd_1.
Creating placeholder cell definition for module sky130_fd_sc_hd__decap_8.
Creating placeholder cell definition for module sky130_fd_sc_hd__fill_1.
Creating placeholder cell definition for module sky130_fd_sc_hd__fill_2.
Creating placeholder cell definition for module sky130_fd_sc_hd__decap_6.
Creating placeholder cell definition for module sky130_fd_sc_hd__decap_4.
Creating placeholder cell definition for module sky130_fd_sc_hd__decap_12.
Reading setup file /usr/local/share/pdk/sky130A/libs.tech/netgen/sky130A_setup.tcl
Model sky130_fd_pr__res_generic_po pin end_a == end_b
No property mult found for device sky130_fd_pr__res_generic_po
Model sky130_fd_pr__nfet_01v8 pin 1 == 3
No property mult found for device sky130_fd_pr__nfet_01v8
No property sa found for device sky130_fd_pr__nfet_01v8
No property sb found for device sky130_fd_pr__nfet_01v8
No property sd found for device sky130_fd_pr__nfet_01v8
No property nf found for device sky130_fd_pr__nfet_01v8
No property nrd found for device sky130_fd_pr__nfet_01v8
No property nrs found for device sky130_fd_pr__nfet_01v8
No property area found for device sky130_fd_pr__nfet_01v8
No property perim found for device sky130_fd_pr__nfet_01v8
No property topography found for device sky130_fd_pr__nfet_01v8
Model sky130_fd_pr__pfet_01v8_hvt pin 1 == 3
No property mult found for device sky130_fd_pr__pfet_01v8_hvt
No property sa found for device sky130_fd_pr__pfet_01v8_hvt
No property sb found for device sky130_fd_pr__pfet_01v8_hvt
No property sd found for device sky130_fd_pr__pfet_01v8_hvt
No property nf found for device sky130_fd_pr__pfet_01v8_hvt
No property nrd found for device sky130_fd_pr__pfet_01v8_hvt
No property nrs found for device sky130_fd_pr__pfet_01v8_hvt
No property area found for device sky130_fd_pr__pfet_01v8_hvt
No property perim found for device sky130_fd_pr__pfet_01v8_hvt
No property topography found for device sky130_fd_pr__pfet_01v8_hvt
No property value found for device sky130_fd_pr__diode_pw2nd_05v5
No property mult found for device sky130_fd_pr__diode_pw2nd_05v5
No property perim found for device sky130_fd_pr__diode_pw2nd_05v5
Comparison output logged to file exercise_8_comp.out
Logging to file "exercise_8_comp.out" enabled
Circuit sky130_fd_sc_hd__decap_4 contains no devices.
Circuit sky130_fd_sc_hd__or3_2 contains no devices.
Circuit sky130_fd_sc_hd__decap_3 contains no devices.
Circuit sky130_fd_sc_hd__dfrtp_2 contains no devices.
Circuit sky130_fd_sc_hd__clkinv_1 contains no devices.
Circuit sky130_fd_sc_hd__mux2_1 contains no devices.
Circuit sky130_fd_sc_hd__a311o_2 contains no devices.
Circuit sky130_fd_sc_hd__a2bb2o_2 contains no devices.
Circuit sky130_fd_sc_hd__einvp_2 contains no devices.
Circuit sky130_fd_sc_hd__einvn_8 contains no devices.
Circuit sky130_fd_sc_hd__o311a_2 contains no devices.
Circuit sky130_fd_sc_hd__or2_2 contains no devices.
Circuit sky130_fd_sc_hd__buf_2 contains no devices.
Circuit sky130_fd_sc_hd__einvn_4 contains no devices.
Circuit sky130_fd_sc_hd__nand2_2 contains no devices.
Circuit sky130_fd_sc_hd__o221a_2 contains no devices.
Circuit sky130_fd_sc_hd__buf_1 contains no devices.
Circuit sky130_fd_sc_hd__decap_6 contains no devices.
Circuit sky130_fd_sc_hd__clkbuf_2 contains no devices.
Circuit sky130_fd_sc_hd__a31o_2 contains no devices.
Circuit sky130_fd_sc_hd__a32o_2 contains no devices.
Circuit sky130_fd_sc_hd__a22o_2 contains no devices.
Circuit sky130_fd_sc_hd__clkbuf_1 contains no devices.
Circuit sky130_fd_sc_hd__o21ai_2 contains no devices.
Circuit sky130_fd_sc_hd__nor2_2 contains no devices.
Circuit sky130_fd_sc_hd__and4_2 contains no devices.
Circuit sky130_fd_sc_hd__inv_2 contains no devices.
Circuit sky130_fd_sc_hd__o22a_2 contains no devices.
Circuit sky130_fd_sc_hd__a221o_2 contains no devices.
Circuit sky130_fd_sc_hd__decap_12 contains no devices.
Circuit sky130_fd_sc_hd__a21oi_2 contains no devices.
Circuit sky130_fd_sc_hd__decap_8 contains no devices.
Circuit sky130_fd_sc_hd__o31a_2 contains no devices.
Circuit sky130_fd_sc_hd__o221ai_2 contains no devices.
Circuit sky130_fd_sc_hd__einvp_1 contains no devices.
Circuit sky130_fd_sc_hd__and3_2 contains no devices.
Circuit sky130_fd_sc_hd__a21bo_2 contains no devices.
Circuit sky130_fd_sc_hd__o41a_2 contains no devices.
Circuit sky130_fd_sc_hd__o2bb2a_2 contains no devices.
Circuit sky130_fd_sc_hd__diode_2 contains no devices.
Circuit sky130_fd_sc_hd__o21a_2 contains no devices.
Circuit sky130_fd_sc_hd__o22ai_2 contains no devices.
Circuit sky130_fd_sc_hd__clkinv_2 contains no devices.
Circuit sky130_fd_sc_hd__o32a_2 contains no devices.
Circuit sky130_fd_sc_hd__clkinv_8 contains no devices.
Circuit sky130_fd_sc_hd__o211a_2 contains no devices.
Circuit sky130_fd_sc_hd__a21o_2 contains no devices.
Circuit sky130_fd_sc_hd__o2111ai_2 contains no devices.
Circuit sky130_fd_sc_hd__conb_1 contains no devices.
Circuit sky130_fd_sc_hd__o2bb2ai_2 contains no devices.
Circuit sky130_fd_sc_hd__and2_2 contains no devices.
Circuit sky130_fd_sc_hd__or4_2 contains no devices.
Circuit sky130_fd_sc_hd__a22oi_2 contains no devices.

Contents of circuit 1:  Circuit: 'digital_pll'
Circuit digital_pll contains 508 device instances.
  Class: sky130_fd_sc_hd__o2111ai_2 instances:   1
  Class: sky130_fd_sc_hd__a31o_2 instances:   3
  Class: sky130_fd_sc_hd__a21o_2 instances:   1
  Class: sky130_fd_sc_hd__or4_2 instances:   1
  Class: sky130_fd_sc_hd__buf_1 instances:  23
  Class: sky130_fd_sc_hd__buf_2 instances:   1
  Class: sky130_fd_sc_hd__a2bb2o_2 instances:   4
  Class: sky130_fd_sc_hd__o221ai_2 instances:   1
  Class: sky130_fd_sc_hd__dfrtp_2 instances:  23
  Class: sky130_fd_sc_hd__and4_2 instances:   2
  Class: sky130_fd_sc_hd__inv_2 instances:  29
  Class: sky130_fd_sc_hd__clkbuf_1 instances:  13
  Class: sky130_fd_sc_hd__clkbuf_2 instances:  12
  Class: sky130_fd_sc_hd__or3_2 instances:   5
  Class: sky130_fd_sc_hd__conb_1 instances:   1
  Class: sky130_fd_sc_hd__a21bo_2 instances:   1
  Class: sky130_fd_sc_hd__clkinv_1 instances:  13
  Class: sky130_fd_sc_hd__clkinv_2 instances:   2
  Class: sky130_fd_sc_hd__clkinv_8 instances:   2
  Class: sky130_fd_sc_hd__and3_2 instances:   1
  Class: sky130_fd_sc_hd__decap_3 instances:  97
  Class: sky130_fd_sc_hd__decap_4 instances:  69
  Class: sky130_fd_sc_hd__decap_6 instances:  17
  Class: sky130_fd_sc_hd__decap_8 instances:   4
  Class: sky130_fd_sc_hd__or2_2 instances:  17
  Class: sky130_fd_sc_hd__einvp_1 instances:   1
  Class: sky130_fd_sc_hd__einvp_2 instances:  26
  Class: sky130_fd_sc_hd__nand2_2 instances:   7
  Class: sky130_fd_sc_hd__mux2_1 instances:  28
  Class: sky130_fd_sc_hd__o2bb2ai_2 instances:   1
  Class: sky130_fd_sc_hd__and2_2 instances:   1
  Class: sky130_fd_sc_hd__o32a_2 instances:   2
  Class: sky130_fd_sc_hd__o22a_2 instances:   4
  Class: sky130_fd_sc_hd__o221a_2 instances:   5
  Class: sky130_fd_sc_hd__o211a_2 instances:   2
  Class: sky130_fd_sc_hd__diode_2 instances:   1
  Class: sky130_fd_sc_hd__a221o_2 instances:   2
  Class: sky130_fd_sc_hd__a32o_2 instances:   2
  Class: sky130_fd_sc_hd__o41a_2 instances:   5
  Class: sky130_fd_sc_hd__a22o_2 instances:  12
  Class: sky130_fd_sc_hd__o31a_2 instances:   6
  Class: sky130_fd_sc_hd__o2bb2a_2 instances:   4
  Class: sky130_fd_sc_hd__o21a_2 instances:   1
  Class: sky130_fd_sc_hd__einvn_4 instances:  13
  Class: sky130_fd_sc_hd__o311a_2 instances:   4
  Class: sky130_fd_sc_hd__einvn_8 instances:  13
  Class: sky130_fd_sc_hd__o22ai_2 instances:   1
  Class: sky130_fd_sc_hd__a22oi_2 instances:   1
  Class: sky130_fd_sc_hd__o21ai_2 instances:   4
  Class: sky130_fd_sc_hd__a21oi_2 instances:   4
  Class: sky130_fd_sc_hd__a311o_2 instances:   1
  Class: sky130_fd_sc_hd__decap_12 instances:   8
  Class: sky130_fd_sc_hd__nor2_2 instances:   6
Circuit contains 323 nets, and 1 disconnected pin.
Contents of circuit 2:  Circuit: 'digital_pll'
Circuit digital_pll contains 508 device instances.
  Class: sky130_fd_sc_hd__o2111ai_2 instances:   1
  Class: sky130_fd_sc_hd__a31o_2 instances:   3
  Class: sky130_fd_sc_hd__a21o_2 instances:   1
  Class: sky130_fd_sc_hd__or4_2 instances:   1
  Class: sky130_fd_sc_hd__buf_1 instances:  23
  Class: sky130_fd_sc_hd__buf_2 instances:   1
  Class: sky130_fd_sc_hd__a2bb2o_2 instances:   4
  Class: sky130_fd_sc_hd__o221ai_2 instances:   1
  Class: sky130_fd_sc_hd__dfrtp_2 instances:  23
  Class: sky130_fd_sc_hd__and4_2 instances:   2
  Class: sky130_fd_sc_hd__inv_2 instances:  29
  Class: sky130_fd_sc_hd__clkbuf_1 instances:  13
  Class: sky130_fd_sc_hd__clkbuf_2 instances:  12
  Class: sky130_fd_sc_hd__or3_2 instances:   5
  Class: sky130_fd_sc_hd__conb_1 instances:   1
  Class: sky130_fd_sc_hd__a21bo_2 instances:   1
  Class: sky130_fd_sc_hd__clkinv_1 instances:  13
  Class: sky130_fd_sc_hd__clkinv_2 instances:   2
  Class: sky130_fd_sc_hd__clkinv_8 instances:   2
  Class: sky130_fd_sc_hd__and3_2 instances:   1
  Class: sky130_fd_sc_hd__decap_3 instances:  97
  Class: sky130_fd_sc_hd__decap_4 instances:  69
  Class: sky130_fd_sc_hd__decap_6 instances:  17
  Class: sky130_fd_sc_hd__decap_8 instances:   4
  Class: sky130_fd_sc_hd__or2_2 instances:  17
  Class: sky130_fd_sc_hd__einvp_1 instances:   1
  Class: sky130_fd_sc_hd__einvp_2 instances:  26
  Class: sky130_fd_sc_hd__nand2_2 instances:   7
  Class: sky130_fd_sc_hd__mux2_1 instances:  28
  Class: sky130_fd_sc_hd__o2bb2ai_2 instances:   1
  Class: sky130_fd_sc_hd__and2_2 instances:   1
  Class: sky130_fd_sc_hd__o32a_2 instances:   2
  Class: sky130_fd_sc_hd__o22a_2 instances:   4
  Class: sky130_fd_sc_hd__o221a_2 instances:   5
  Class: sky130_fd_sc_hd__o211a_2 instances:   2
  Class: sky130_fd_sc_hd__diode_2 instances:   1
  Class: sky130_fd_sc_hd__a221o_2 instances:   2
  Class: sky130_fd_sc_hd__a32o_2 instances:   2
  Class: sky130_fd_sc_hd__o41a_2 instances:   5
  Class: sky130_fd_sc_hd__a22o_2 instances:  12
  Class: sky130_fd_sc_hd__o31a_2 instances:   6
  Class: sky130_fd_sc_hd__o2bb2a_2 instances:   4
  Class: sky130_fd_sc_hd__o21a_2 instances:   1
  Class: sky130_fd_sc_hd__einvn_4 instances:  13
  Class: sky130_fd_sc_hd__o311a_2 instances:   4
  Class: sky130_fd_sc_hd__einvn_8 instances:  13
  Class: sky130_fd_sc_hd__o22ai_2 instances:   1
  Class: sky130_fd_sc_hd__a22oi_2 instances:   1
  Class: sky130_fd_sc_hd__o21ai_2 instances:   4
  Class: sky130_fd_sc_hd__a21oi_2 instances:   4
  Class: sky130_fd_sc_hd__a311o_2 instances:   1
  Class: sky130_fd_sc_hd__decap_12 instances:   8
  Class: sky130_fd_sc_hd__nor2_2 instances:   6
Circuit contains 323 nets.

Circuit was modified by parallel/series device merging.
New circuit summary:

Contents of circuit 1:  Circuit: 'digital_pll'
Circuit digital_pll contains 318 device instances.
  Class: sky130_fd_sc_hd__o2111ai_2 instances:   1
  Class: sky130_fd_sc_hd__a31o_2 instances:   3
  Class: sky130_fd_sc_hd__a21o_2 instances:   1
  Class: sky130_fd_sc_hd__or4_2 instances:   1
  Class: sky130_fd_sc_hd__buf_1 instances:  23
  Class: sky130_fd_sc_hd__buf_2 instances:   1
  Class: sky130_fd_sc_hd__a2bb2o_2 instances:   4
  Class: sky130_fd_sc_hd__o221ai_2 instances:   1
  Class: sky130_fd_sc_hd__dfrtp_2 instances:  23
  Class: sky130_fd_sc_hd__and4_2 instances:   2
  Class: sky130_fd_sc_hd__inv_2 instances:  29
  Class: sky130_fd_sc_hd__clkbuf_1 instances:  13
  Class: sky130_fd_sc_hd__clkbuf_2 instances:  12
  Class: sky130_fd_sc_hd__or3_2 instances:   5
  Class: sky130_fd_sc_hd__conb_1 instances:   1
  Class: sky130_fd_sc_hd__a21bo_2 instances:   1
  Class: sky130_fd_sc_hd__clkinv_1 instances:  13
  Class: sky130_fd_sc_hd__clkinv_2 instances:   2
  Class: sky130_fd_sc_hd__clkinv_8 instances:   2
  Class: sky130_fd_sc_hd__and3_2 instances:   1
  Class: sky130_fd_sc_hd__decap_3 instances:   1
  Class: sky130_fd_sc_hd__decap_4 instances:   1
  Class: sky130_fd_sc_hd__decap_6 instances:   1
  Class: sky130_fd_sc_hd__decap_8 instances:   1
  Class: sky130_fd_sc_hd__or2_2 instances:  17
  Class: sky130_fd_sc_hd__einvp_1 instances:   1
  Class: sky130_fd_sc_hd__einvp_2 instances:  26
  Class: sky130_fd_sc_hd__nand2_2 instances:   7
  Class: sky130_fd_sc_hd__mux2_1 instances:  28
  Class: sky130_fd_sc_hd__o2bb2ai_2 instances:   1
  Class: sky130_fd_sc_hd__and2_2 instances:   1
  Class: sky130_fd_sc_hd__o32a_2 instances:   2
  Class: sky130_fd_sc_hd__o22a_2 instances:   4
  Class: sky130_fd_sc_hd__o221a_2 instances:   5
  Class: sky130_fd_sc_hd__o211a_2 instances:   2
  Class: sky130_fd_sc_hd__diode_2 instances:   1
  Class: sky130_fd_sc_hd__a221o_2 instances:   2
  Class: sky130_fd_sc_hd__a32o_2 instances:   2
  Class: sky130_fd_sc_hd__o41a_2 instances:   5
  Class: sky130_fd_sc_hd__a22o_2 instances:  12
  Class: sky130_fd_sc_hd__o31a_2 instances:   6
  Class: sky130_fd_sc_hd__o2bb2a_2 instances:   4
  Class: sky130_fd_sc_hd__o21a_2 instances:   1
  Class: sky130_fd_sc_hd__einvn_4 instances:  13
  Class: sky130_fd_sc_hd__o311a_2 instances:   4
  Class: sky130_fd_sc_hd__einvn_8 instances:  13
  Class: sky130_fd_sc_hd__o22ai_2 instances:   1
  Class: sky130_fd_sc_hd__a22oi_2 instances:   1
  Class: sky130_fd_sc_hd__o21ai_2 instances:   4
  Class: sky130_fd_sc_hd__a21oi_2 instances:   4
  Class: sky130_fd_sc_hd__a311o_2 instances:   1
  Class: sky130_fd_sc_hd__decap_12 instances:   1
  Class: sky130_fd_sc_hd__nor2_2 instances:   6
Circuit contains 323 nets, and 1 disconnected pin.
Contents of circuit 2:  Circuit: 'digital_pll'
Circuit digital_pll contains 318 device instances.
  Class: sky130_fd_sc_hd__o2111ai_2 instances:   1
  Class: sky130_fd_sc_hd__a31o_2 instances:   3
  Class: sky130_fd_sc_hd__a21o_2 instances:   1
  Class: sky130_fd_sc_hd__or4_2 instances:   1
  Class: sky130_fd_sc_hd__buf_1 instances:  23
  Class: sky130_fd_sc_hd__buf_2 instances:   1
  Class: sky130_fd_sc_hd__a2bb2o_2 instances:   4
  Class: sky130_fd_sc_hd__o221ai_2 instances:   1
  Class: sky130_fd_sc_hd__dfrtp_2 instances:  23
  Class: sky130_fd_sc_hd__and4_2 instances:   2
  Class: sky130_fd_sc_hd__inv_2 instances:  29
  Class: sky130_fd_sc_hd__clkbuf_1 instances:  13
  Class: sky130_fd_sc_hd__clkbuf_2 instances:  12
  Class: sky130_fd_sc_hd__or3_2 instances:   5
  Class: sky130_fd_sc_hd__conb_1 instances:   1
  Class: sky130_fd_sc_hd__a21bo_2 instances:   1
  Class: sky130_fd_sc_hd__clkinv_1 instances:  13
  Class: sky130_fd_sc_hd__clkinv_2 instances:   2
  Class: sky130_fd_sc_hd__clkinv_8 instances:   2
  Class: sky130_fd_sc_hd__and3_2 instances:   1
  Class: sky130_fd_sc_hd__decap_3 instances:   1
  Class: sky130_fd_sc_hd__decap_4 instances:   1
  Class: sky130_fd_sc_hd__decap_6 instances:   1
  Class: sky130_fd_sc_hd__decap_8 instances:   1
  Class: sky130_fd_sc_hd__or2_2 instances:  17
  Class: sky130_fd_sc_hd__einvp_1 instances:   1
  Class: sky130_fd_sc_hd__einvp_2 instances:  26
  Class: sky130_fd_sc_hd__nand2_2 instances:   7
  Class: sky130_fd_sc_hd__mux2_1 instances:  28
  Class: sky130_fd_sc_hd__o2bb2ai_2 instances:   1
  Class: sky130_fd_sc_hd__and2_2 instances:   1
  Class: sky130_fd_sc_hd__o32a_2 instances:   2
  Class: sky130_fd_sc_hd__o22a_2 instances:   4
  Class: sky130_fd_sc_hd__o221a_2 instances:   5
  Class: sky130_fd_sc_hd__o211a_2 instances:   2
  Class: sky130_fd_sc_hd__diode_2 instances:   1
  Class: sky130_fd_sc_hd__a221o_2 instances:   2
  Class: sky130_fd_sc_hd__a32o_2 instances:   2
  Class: sky130_fd_sc_hd__o41a_2 instances:   5
  Class: sky130_fd_sc_hd__a22o_2 instances:  12
  Class: sky130_fd_sc_hd__o31a_2 instances:   6
  Class: sky130_fd_sc_hd__o2bb2a_2 instances:   4
  Class: sky130_fd_sc_hd__o21a_2 instances:   1
  Class: sky130_fd_sc_hd__einvn_4 instances:  13
  Class: sky130_fd_sc_hd__o311a_2 instances:   4
  Class: sky130_fd_sc_hd__einvn_8 instances:  13
  Class: sky130_fd_sc_hd__o22ai_2 instances:   1
  Class: sky130_fd_sc_hd__a22oi_2 instances:   1
  Class: sky130_fd_sc_hd__o21ai_2 instances:   4
  Class: sky130_fd_sc_hd__a21oi_2 instances:   4
  Class: sky130_fd_sc_hd__a311o_2 instances:   1
  Class: sky130_fd_sc_hd__decap_12 instances:   1
  Class: sky130_fd_sc_hd__nor2_2 instances:   6
Circuit contains 323 nets.

Circuit 1 contains 318 devices, Circuit 2 contains 318 devices.
Circuit 1 contains 323 nets,    Circuit 2 contains 323 nets.


Final result: 
Top level cell failed pin matching.

Logging to file "exercise_8_comp.out" disabled
LVS Done.
LVS file exercise_8_comp.json reports:
    net count difference = 0
    device count difference = 0
    unmatched nets = 0
    unmatched devices = 0
    unmatched pins = 1
    property failures = 0

Total errors = 1
