Netgen 1.5.234 compiled on Monday 10 October 2022 11:55:12 PM IST
Warning: netgen command 'format' use fully-qualified name '::netgen::format'
Warning: netgen command 'global' use fully-qualified name '::netgen::global'
Generating JSON file result
Reading netlist file ../mag/mgmt_protect.spice
Call to undefined subcircuit sky130_fd_pr__pfet_01v8_hvt
Creating placeholder cell definition.
Call to undefined subcircuit sky130_fd_pr__nfet_01v8
Creating placeholder cell definition.
Call to undefined subcircuit sky130_fd_pr__pfet_g5v0d10v5
Creating placeholder cell definition.
Call to undefined subcircuit sky130_fd_pr__nfet_g5v0d10v5
Creating placeholder cell definition.
Reading netlist file ../verilog/gl/mgmt_protect.v
Warning:  A case-insensitive file has been read and so the	verilog file must be treated case-insensitive to match.
Creating placeholder cell definition for module sky130_fd_sc_hvl__conb_1.
Creating placeholder cell definition for module sky130_fd_sc_hvl__lsbufhv2lv_1.
Creating placeholder cell definition for module sky130_fd_sc_hd__conb_1.
Creating placeholder cell definition for module sky130_fd_sc_hd__decap_3.
Creating placeholder cell definition for module sky130_fd_sc_hd__tapvpwrvgnd_1.
Creating placeholder cell definition for module sky130_fd_sc_hd__fill_2.
Creating placeholder cell definition for module sky130_fd_sc_hd__fill_1.
Creating placeholder cell definition for module sky130_fd_sc_hd__decap_12.
Creating placeholder cell definition for module sky130_fd_sc_hd__decap_8.
Creating placeholder cell definition for module sky130_fd_sc_hd__decap_6.
Creating placeholder cell definition for module sky130_fd_sc_hd__decap_4.
Creating placeholder cell definition for module sky130_fd_sc_hd__inv_2.
Creating placeholder cell definition for module sky130_fd_sc_hd__einvp_8.
Creating placeholder cell definition for module sky130_fd_sc_hd__and2b_1.
Creating placeholder cell definition for module sky130_fd_sc_hd__buf_8.
Creating placeholder cell definition for module sky130_fd_sc_hd__inv_8.
Creating placeholder cell definition for module sky130_fd_sc_hd__and2_1.
Creating placeholder cell definition for module sky130_fd_sc_hd__nand2_4.
Creating placeholder cell definition for module sky130_fd_sc_hd__diode_2.
Reading setup file /usr/local/share/pdk/sky130A/libs.tech/netgen/sky130A_setup.tcl
Model sky130_fd_pr__res_generic_po pin end_a == end_b
No property mult found for device sky130_fd_pr__res_generic_po
Model sky130_fd_pr__nfet_01v8 pin 1 == 3
No property mult found for device sky130_fd_pr__nfet_01v8
No property sa found for device sky130_fd_pr__nfet_01v8
No property sb found for device sky130_fd_pr__nfet_01v8
No property sd found for device sky130_fd_pr__nfet_01v8
No property nf found for device sky130_fd_pr__nfet_01v8
No property nrd found for device sky130_fd_pr__nfet_01v8
No property nrs found for device sky130_fd_pr__nfet_01v8
No property area found for device sky130_fd_pr__nfet_01v8
No property perim found for device sky130_fd_pr__nfet_01v8
No property topography found for device sky130_fd_pr__nfet_01v8
Model sky130_fd_pr__nfet_g5v0d10v5 pin 1 == 3
No property mult found for device sky130_fd_pr__nfet_g5v0d10v5
No property sa found for device sky130_fd_pr__nfet_g5v0d10v5
No property sb found for device sky130_fd_pr__nfet_g5v0d10v5
No property sd found for device sky130_fd_pr__nfet_g5v0d10v5
No property nf found for device sky130_fd_pr__nfet_g5v0d10v5
No property nrd found for device sky130_fd_pr__nfet_g5v0d10v5
No property nrs found for device sky130_fd_pr__nfet_g5v0d10v5
No property area found for device sky130_fd_pr__nfet_g5v0d10v5
No property perim found for device sky130_fd_pr__nfet_g5v0d10v5
No property topography found for device sky130_fd_pr__nfet_g5v0d10v5
Model sky130_fd_pr__pfet_01v8_hvt pin 1 == 3
No property mult found for device sky130_fd_pr__pfet_01v8_hvt
No property sa found for device sky130_fd_pr__pfet_01v8_hvt
No property sb found for device sky130_fd_pr__pfet_01v8_hvt
No property sd found for device sky130_fd_pr__pfet_01v8_hvt
No property nf found for device sky130_fd_pr__pfet_01v8_hvt
No property nrd found for device sky130_fd_pr__pfet_01v8_hvt
No property nrs found for device sky130_fd_pr__pfet_01v8_hvt
No property area found for device sky130_fd_pr__pfet_01v8_hvt
No property perim found for device sky130_fd_pr__pfet_01v8_hvt
No property topography found for device sky130_fd_pr__pfet_01v8_hvt
Model sky130_fd_pr__pfet_g5v0d10v5 pin 1 == 3
No property mult found for device sky130_fd_pr__pfet_g5v0d10v5
No property sa found for device sky130_fd_pr__pfet_g5v0d10v5
No property sb found for device sky130_fd_pr__pfet_g5v0d10v5
No property sd found for device sky130_fd_pr__pfet_g5v0d10v5
No property nf found for device sky130_fd_pr__pfet_g5v0d10v5
No property nrd found for device sky130_fd_pr__pfet_g5v0d10v5
No property nrs found for device sky130_fd_pr__pfet_g5v0d10v5
No property area found for device sky130_fd_pr__pfet_g5v0d10v5
No property perim found for device sky130_fd_pr__pfet_g5v0d10v5
No property topography found for device sky130_fd_pr__pfet_g5v0d10v5
No property value found for device sky130_fd_pr__diode_pw2nd_05v5
No property mult found for device sky130_fd_pr__diode_pw2nd_05v5
No property perim found for device sky130_fd_pr__diode_pw2nd_05v5
Comparison output logged to file exercise_7_comp.out
Logging to file "exercise_7_comp.out" enabled
Circuit sky130_fd_sc_hd__decap_12 contains no devices.
Circuit sky130_fd_sc_hd__decap_4 contains no devices.
Circuit sky130_fd_sc_hd__decap_3 contains no devices.
Circuit sky130_fd_sc_hd__decap_6 contains no devices.
Circuit sky130_fd_sc_hd__conb_1 contains no devices.
Circuit sky130_fd_sc_hd__decap_8 contains no devices.
Circuit sky130_fd_sc_hvl__conb_1 contains no devices.
Circuit sky130_fd_sc_hvl__lsbufhv2lv_1 contains no devices.
Circuit sky130_fd_sc_hd__diode_2 contains no devices.
Circuit sky130_fd_sc_hd__and2_1 contains no devices.
Circuit sky130_fd_sc_hd__inv_2 contains no devices.
Circuit sky130_fd_sc_hd__and2b_1 contains no devices.
Circuit sky130_fd_sc_hd__einvp_8 contains no devices.
Circuit sky130_fd_sc_hd__nand2_4 contains no devices.
Circuit sky130_fd_sc_hd__inv_8 contains no devices.
Circuit sky130_fd_sc_hd__buf_8 contains no devices.

Contents of circuit 1:  Circuit: 'mprj2_logic_high'
Circuit mprj2_logic_high contains 47 device instances.
  Class: sky130_fd_sc_hd__conb_1 instances:   1
  Class: sky130_fd_sc_hd__decap_3 instances:   4
  Class: sky130_fd_sc_hd__decap_4 instances:  12
  Class: sky130_fd_sc_hd__decap_6 instances:   1
  Class: sky130_fd_sc_hd__decap_8 instances:   1
  Class: sky130_fd_sc_hd__decap_12 instances:  28
Circuit contains 4 nets.
Contents of circuit 2:  Circuit: 'mprj2_logic_high'
Circuit mprj2_logic_high contains 47 device instances.
  Class: sky130_fd_sc_hd__conb_1 instances:   1
  Class: sky130_fd_sc_hd__decap_3 instances:   4
  Class: sky130_fd_sc_hd__decap_4 instances:  12
  Class: sky130_fd_sc_hd__decap_6 instances:   1
  Class: sky130_fd_sc_hd__decap_8 instances:   1
  Class: sky130_fd_sc_hd__decap_12 instances:  28
Circuit contains 4 nets.

Circuit was modified by parallel/series device merging.
New circuit summary:

Contents of circuit 1:  Circuit: 'mprj2_logic_high'
Circuit mprj2_logic_high contains 6 device instances.
  Class: sky130_fd_sc_hd__conb_1 instances:   1
  Class: sky130_fd_sc_hd__decap_3 instances:   1
  Class: sky130_fd_sc_hd__decap_4 instances:   1
  Class: sky130_fd_sc_hd__decap_6 instances:   1
  Class: sky130_fd_sc_hd__decap_8 instances:   1
  Class: sky130_fd_sc_hd__decap_12 instances:   1
Circuit contains 4 nets.
Contents of circuit 2:  Circuit: 'mprj2_logic_high'
Circuit mprj2_logic_high contains 6 device instances.
  Class: sky130_fd_sc_hd__conb_1 instances:   1
  Class: sky130_fd_sc_hd__decap_3 instances:   1
  Class: sky130_fd_sc_hd__decap_4 instances:   1
  Class: sky130_fd_sc_hd__decap_6 instances:   1
  Class: sky130_fd_sc_hd__decap_8 instances:   1
  Class: sky130_fd_sc_hd__decap_12 instances:   1
Circuit contains 4 nets.

Circuit 1 contains 6 devices, Circuit 2 contains 6 devices.
Circuit 1 contains 4 nets,    Circuit 2 contains 4 nets.


Contents of circuit 1:  Circuit: 'mprj_logic_high'
Circuit mprj_logic_high contains 704 device instances.
  Class: sky130_fd_sc_hd__conb_1 instances: 462
  Class: sky130_fd_sc_hd__decap_3 instances:  16
  Class: sky130_fd_sc_hd__decap_4 instances:  36
  Class: sky130_fd_sc_hd__decap_6 instances:   8
  Class: sky130_fd_sc_hd__decap_8 instances:  28
  Class: sky130_fd_sc_hd__decap_12 instances: 154
Circuit contains 926 nets.
Contents of circuit 2:  Circuit: 'mprj_logic_high'
Circuit mprj_logic_high contains 704 device instances.
  Class: sky130_fd_sc_hd__conb_1 instances: 462
  Class: sky130_fd_sc_hd__decap_3 instances:  16
  Class: sky130_fd_sc_hd__decap_4 instances:  36
  Class: sky130_fd_sc_hd__decap_6 instances:   8
  Class: sky130_fd_sc_hd__decap_8 instances:  28
  Class: sky130_fd_sc_hd__decap_12 instances: 154
Circuit contains 926 nets.

Circuit was modified by parallel/series device merging.
New circuit summary:

Contents of circuit 1:  Circuit: 'mprj_logic_high'
Circuit mprj_logic_high contains 467 device instances.
  Class: sky130_fd_sc_hd__conb_1 instances: 462
  Class: sky130_fd_sc_hd__decap_3 instances:   1
  Class: sky130_fd_sc_hd__decap_4 instances:   1
  Class: sky130_fd_sc_hd__decap_6 instances:   1
  Class: sky130_fd_sc_hd__decap_8 instances:   1
  Class: sky130_fd_sc_hd__decap_12 instances:   1
Circuit contains 926 nets.
Contents of circuit 2:  Circuit: 'mprj_logic_high'
Circuit mprj_logic_high contains 467 device instances.
  Class: sky130_fd_sc_hd__conb_1 instances: 462
  Class: sky130_fd_sc_hd__decap_3 instances:   1
  Class: sky130_fd_sc_hd__decap_4 instances:   1
  Class: sky130_fd_sc_hd__decap_6 instances:   1
  Class: sky130_fd_sc_hd__decap_8 instances:   1
  Class: sky130_fd_sc_hd__decap_12 instances:   1
Circuit contains 926 nets.

Circuit 1 contains 467 devices, Circuit 2 contains 467 devices.
Circuit 1 contains 926 nets,    Circuit 2 contains 926 nets.

Pins vssa1 and vssa2 are shorted in cell mgmt_protect_hv (1)
Pins vssd and vssa2 are shorted in cell mgmt_protect_hv (1)

Contents of circuit 1:  Circuit: 'mgmt_protect_hv'
Circuit mgmt_protect_hv contains 4 device instances.
  Class: sky130_fd_sc_hvl__lsbufhv2lv_1 instances:   2
  Class: sky130_fd_sc_hvl__conb_1 instances:   2
Circuit contains 10 nets.
Contents of circuit 2:  Circuit: 'mgmt_protect_hv'
Circuit mgmt_protect_hv contains 4 device instances.
  Class: sky130_fd_sc_hvl__lsbufhv2lv_1 instances:   2
  Class: sky130_fd_sc_hvl__conb_1 instances:   2
Circuit contains 10 nets.

Circuit 1 contains 4 devices, Circuit 2 contains 4 devices.
Circuit 1 contains 10 nets,    Circuit 2 contains 10 nets.

Pins vssd and vssa2 are shorted in cell mgmt_protect_hv (1)
Pins vssa1 and vssa2 are shorted in cell mgmt_protect_hv (1)
  Flattening non-matched subcircuits mgmt_protect_hv mgmt_protect_hv

Flattening instances of mgmt_protect_hv in file ../mag/mgmt_protect.spice
Flattening instances of mgmt_protect_hv in file ../verilog/gl/mgmt_protect.v
Pins vssd1 and vssd are shorted in cell mgmt_protect (1)
Pins vssd2 and vssd are shorted in cell mgmt_protect (1)
Pins vssa1 and vssd are shorted in cell mgmt_protect (1)
Pins vssa2 and vssd are shorted in cell mgmt_protect (1)

Contents of circuit 1:  Circuit: 'mgmt_protect'
Circuit mgmt_protect contains 8330 device instances.
  Class: sky130_fd_sc_hd__buf_8 instances:   4
  Class: sky130_fd_sc_hd__inv_2 instances: 329
  Class: sky130_fd_sc_hd__inv_8 instances: 131
  Class: sky130_fd_sc_hd__and2b_1 instances: 128
  Class: mprj_logic_high       instances:   1
  Class: sky130_fd_sc_hd__decap_3 instances: 374
  Class: sky130_fd_sc_hd__decap_4 instances: 562
  Class: sky130_fd_sc_hd__decap_6 instances: 274
  Class: sky130_fd_sc_hd__decap_8 instances: 795
  Class: sky130_fd_sc_hd__einvp_8 instances: 330
  Class: sky130_fd_sc_hd__nand2_4 instances: 131
  Class: sky130_fd_sc_hvl__lsbufhv2lv_1 instances:   2
  Class: sky130_fd_sc_hd__and2_1 instances: 131
  Class: sky130_fd_sc_hd__diode_2 instances: 1267
  Class: sky130_fd_sc_hvl__conb_1 instances:   2
  Class: mprj2_logic_high      instances:   1
  Class: sky130_fd_sc_hd__decap_12 instances: 3868
Circuit contains 2253 nets.
Contents of circuit 2:  Circuit: 'mgmt_protect'
Circuit mgmt_protect contains 8330 device instances.
  Class: sky130_fd_sc_hd__buf_8 instances:   4
  Class: sky130_fd_sc_hd__inv_2 instances: 329
  Class: sky130_fd_sc_hd__inv_8 instances: 131
  Class: sky130_fd_sc_hd__and2b_1 instances: 128
  Class: mprj_logic_high       instances:   1
  Class: sky130_fd_sc_hd__decap_3 instances: 374
  Class: sky130_fd_sc_hd__decap_4 instances: 562
  Class: sky130_fd_sc_hd__decap_6 instances: 274
  Class: sky130_fd_sc_hd__decap_8 instances: 795
  Class: sky130_fd_sc_hd__einvp_8 instances: 330
  Class: sky130_fd_sc_hd__nand2_4 instances: 131
  Class: sky130_fd_sc_hvl__lsbufhv2lv_1 instances:   2
  Class: sky130_fd_sc_hd__and2_1 instances: 131
  Class: sky130_fd_sc_hd__diode_2 instances: 1267
  Class: sky130_fd_sc_hvl__conb_1 instances:   2
  Class: mprj2_logic_high      instances:   1
  Class: sky130_fd_sc_hd__decap_12 instances: 3868
Circuit contains 2251 nets.

Circuit was modified by parallel/series device merging.
New circuit summary:

Contents of circuit 1:  Circuit: 'mgmt_protect'
Circuit mgmt_protect contains 2334 device instances.
  Class: sky130_fd_sc_hd__buf_8 instances:   4
  Class: sky130_fd_sc_hd__inv_2 instances: 329
  Class: sky130_fd_sc_hd__inv_8 instances: 131
  Class: sky130_fd_sc_hd__and2b_1 instances: 128
  Class: mprj_logic_high       instances:   1
  Class: sky130_fd_sc_hd__decap_3 instances:   1
  Class: sky130_fd_sc_hd__decap_4 instances:   1
  Class: sky130_fd_sc_hd__decap_6 instances:   1
  Class: sky130_fd_sc_hd__decap_8 instances:   1
  Class: sky130_fd_sc_hd__einvp_8 instances: 330
  Class: sky130_fd_sc_hd__nand2_4 instances: 131
  Class: sky130_fd_sc_hvl__lsbufhv2lv_1 instances:   2
  Class: sky130_fd_sc_hd__and2_1 instances: 131
  Class: sky130_fd_sc_hd__diode_2 instances: 1139
  Class: sky130_fd_sc_hvl__conb_1 instances:   2
  Class: mprj2_logic_high      instances:   1
  Class: sky130_fd_sc_hd__decap_12 instances:   1
Circuit contains 2253 nets.
Contents of circuit 2:  Circuit: 'mgmt_protect'
Circuit mgmt_protect contains 2334 device instances.
  Class: sky130_fd_sc_hd__buf_8 instances:   4
  Class: sky130_fd_sc_hd__inv_2 instances: 329
  Class: sky130_fd_sc_hd__inv_8 instances: 131
  Class: sky130_fd_sc_hd__and2b_1 instances: 128
  Class: mprj_logic_high       instances:   1
  Class: sky130_fd_sc_hd__decap_3 instances:   1
  Class: sky130_fd_sc_hd__decap_4 instances:   1
  Class: sky130_fd_sc_hd__decap_6 instances:   1
  Class: sky130_fd_sc_hd__decap_8 instances:   1
  Class: sky130_fd_sc_hd__einvp_8 instances: 330
  Class: sky130_fd_sc_hd__nand2_4 instances: 131
  Class: sky130_fd_sc_hvl__lsbufhv2lv_1 instances:   2
  Class: sky130_fd_sc_hd__and2_1 instances: 131
  Class: sky130_fd_sc_hd__diode_2 instances: 1139
  Class: sky130_fd_sc_hvl__conb_1 instances:   2
  Class: mprj2_logic_high      instances:   1
  Class: sky130_fd_sc_hd__decap_12 instances:   1
Circuit contains 2251 nets.

Circuit 1 contains 2334 devices, Circuit 2 contains 2334 devices.
Circuit 1 contains 2251 nets,    Circuit 2 contains 2251 nets.

Pins vssa2 and vssd are shorted in cell mgmt_protect (1)
Pins vssa1 and vssd are shorted in cell mgmt_protect (1)
Pins vssd2 and vssd are shorted in cell mgmt_protect (1)
Pins vssd1 and vssd are shorted in cell mgmt_protect (1)

Final result: 
Top level cell failed pin matching.

Logging to file "exercise_7_comp.out" disabled
LVS Done.
LVS file exercise_7_comp.json reports:
    net count difference = 0
    device count difference = 0
    unmatched nets = 0
    unmatched devices = 0
    unmatched pins = 4
    property failures = 0

Total errors = 4
