
Circuit 1 cell sky130_fd_pr__nfet_01v8 and Circuit 2 cell sky130_fd_pr__nfet_01v8 are black boxes.
Warning: Equate pins:  cell sky130_fd_pr__nfet_01v8 is a placeholder, treated as a black box.
Warning: Equate pins:  cell sky130_fd_pr__nfet_01v8 is a placeholder, treated as a black box.

Subcircuit pins:
Circuit 1: sky130_fd_pr__nfet_01v8         |Circuit 2: sky130_fd_pr__nfet_01v8         
-------------------------------------------|-------------------------------------------
1                                          |1                                          
2                                          |2                                          
3                                          |3                                          
4                                          |4                                          
---------------------------------------------------------------------------------------
Cell pin lists are equivalent.
Device classes sky130_fd_pr__nfet_01v8 and sky130_fd_pr__nfet_01v8 are equivalent.

Circuit 1 cell sky130_fd_pr__pfet_01v8 and Circuit 2 cell sky130_fd_pr__pfet_01v8 are black boxes.
Warning: Equate pins:  cell sky130_fd_pr__pfet_01v8 is a placeholder, treated as a black box.
Warning: Equate pins:  cell sky130_fd_pr__pfet_01v8 is a placeholder, treated as a black box.

Subcircuit pins:
Circuit 1: sky130_fd_pr__pfet_01v8         |Circuit 2: sky130_fd_pr__pfet_01v8         
-------------------------------------------|-------------------------------------------
1                                          |1                                          
2                                          |2                                          
3                                          |3                                          
4                                          |4                                          
---------------------------------------------------------------------------------------
Cell pin lists are equivalent.
Device classes sky130_fd_pr__pfet_01v8 and sky130_fd_pr__pfet_01v8 are equivalent.
Flattening unmatched subcell sky130_fd_pr__nfet_01v8_RV7F6E in circuit inverter (0)(1 instance)
Flattening unmatched subcell sky130_fd_pr__pfet_01v8_6LLYWG in circuit inverter (0)(1 instance)

Class inverter (0):  Merged 1 parallel devices.
Subcircuit summary:
Circuit 1: inverter                        |Circuit 2: inverter                        
-------------------------------------------|-------------------------------------------
sky130_fd_pr__nfet_01v8 (3)                |sky130_fd_pr__nfet_01v8 (1) **Mismatch**   
sky130_fd_pr__pfet_01v8 (3->2)             |sky130_fd_pr__pfet_01v8 (1) **Mismatch**   
Number of devices: 5 **Mismatch**          |Number of devices: 2 **Mismatch**          
Number of nets: 9 **Mismatch**             |Number of nets: 4 **Mismatch**             
---------------------------------------------------------------------------------------
NET mismatches: Class fragments follow (with fanout counts):
Circuit 1: inverter                        |Circuit 2: inverter                        

---------------------------------------------------------------------------------------
Net: vout                                  |Net: vout                                  
  sky130_fd_pr__nfet_01v8/(1|3) = 2        |  sky130_fd_pr__nfet_01v8/(1|3) = 1        
  sky130_fd_pr__pfet_01v8/(1|3) = 2        |  sky130_fd_pr__pfet_01v8/(1|3) = 1        
                                           |                                           
Net: vin                                   |Net: vin                                   
  sky130_fd_pr__nfet_01v8/2 = 3            |  sky130_fd_pr__nfet_01v8/2 = 1            
  sky130_fd_pr__pfet_01v8/2 = 2            |  sky130_fd_pr__pfet_01v8/2 = 1            
                                           |                                           
Net: vss                                   |Net: vss                                   
  sky130_fd_pr__nfet_01v8/4 = 3            |  sky130_fd_pr__nfet_01v8/4 = 1            
                                           |  sky130_fd_pr__nfet_01v8/(1|3) = 1        
                                           |                                           
Net: vdd                                   |Net: vdd                                   
  sky130_fd_pr__pfet_01v8/4 = 2            |  sky130_fd_pr__pfet_01v8/4 = 1            
                                           |  sky130_fd_pr__pfet_01v8/(1|3) = 1        
                                           |                                           
Net: sky130_fd_pr__nfet_01v8_RV7F6E:XM1/a_ |(no matching net)                          
  sky130_fd_pr__nfet_01v8/(1|3) = 2        |                                           
---------------------------------------------------------------------------------------
DEVICE mismatches: Class fragments follow (with node fanout counts):
Circuit 1: inverter                        |Circuit 2: inverter                        

---------------------------------------------------------------------------------------
(no matching instance)                     |Instance: sky130_fd_pr__pfet_01v8:M2       
                                           |  (1,3) = (2,2)                            
                                           |  2 = 2                                    
                                           |  4 = 2                                    
                                           |                                           
---------------------------------------------------------------------------------------
Netlists do not match.

Subcircuit pins:
Circuit 1: inverter                        |Circuit 2: inverter                        
-------------------------------------------|-------------------------------------------
vin                                        |vout **Mismatch**                          
vss                                        |vin **Mismatch**                           
vout                                       |vss **Mismatch**                           
vdd                                        |vdd                                        
---------------------------------------------------------------------------------------
Cell pin lists for inverter and inverter altered to match.
Device classes inverter and inverter are equivalent.

Final result: Top level cell failed pin matching.
